<?xml version="1.0" encoding="UTF-8"?>
<!-- Generated by org.testng.reporters.JUnitReportReporter -->
<testsuite skipped="0" hostname="C02TL2BFG8WL" name="commonn.employeeapi.testcases.TC002_Get_Single_Employee_Record" tests="6" failures="0" timestamp="2020-03-08T01:18:38 GMT" time="0.019" errors="1">
  <testcase name="checkResponseBody" time="0.016" classname="commonn.employeeapi.testcases.TC002_Get_Single_Employee_Record"/>
  <system-out/>
  <testcase name="checkResponseTime" time="0.001" classname="commonn.employeeapi.testcases.TC002_Get_Single_Employee_Record"/>
  <system-out/>
  <testcase name="checkContentType" time="0.000" classname="commonn.employeeapi.testcases.TC002_Get_Single_Employee_Record"/>
  <system-out/>
  <testcase name="checkStatusCode" time="0.002" classname="commonn.employeeapi.testcases.TC002_Get_Single_Employee_Record"/>
  <system-out/>
  <testcase name="checkServerType" time="0.000" classname="commonn.employeeapi.testcases.TC002_Get_Single_Employee_Record"/>
  <system-out/>
  <testcase name="checkContentLength" time="0.000" classname="commonn.employeeapi.testcases.TC002_Get_Single_Employee_Record">
    <error type="java.lang.NumberFormatException" message="null">
      <![CDATA[java.lang.NumberFormatException: null
at java.lang.Integer.parseInt(Integer.java:542)
at java.lang.Integer.parseInt(Integer.java:615)
at commonn.employeeapi.testcases.TC002_Get_Single_Employee_Record.checkContentLength(TC002_Get_Single_Employee_Record.java:72)
at sun.reflect.NativeMethodAccessorImpl.invoke0(Native Method)
at sun.reflect.NativeMethodAccessorImpl.invoke(NativeMethodAccessorImpl.java:62)
at sun.reflect.DelegatingMethodAccessorImpl.invoke(DelegatingMethodAccessorImpl.java:43)
at java.lang.reflect.Method.invoke(Method.java:498)
at org.testng.internal.MethodInvocationHelper.invokeMethod(MethodInvocationHelper.java:134)
at org.testng.internal.TestInvoker.invokeMethod(TestInvoker.java:597)
at org.testng.internal.TestInvoker.invokeTestMethod(TestInvoker.java:173)
at org.testng.internal.MethodRunner.runInSequence(MethodRunner.java:46)
at org.testng.internal.TestInvoker$MethodInvocationAgent.invoke(TestInvoker.java:816)
at org.testng.internal.TestInvoker.invokeTestMethods(TestInvoker.java:146)
at org.testng.internal.TestMethodWorker.invokeTestMethods(TestMethodWorker.java:146)
at org.testng.internal.TestMethodWorker.run(TestMethodWorker.java:128)
at java.util.ArrayList.forEach(ArrayList.java:1249)
at org.testng.TestRunner.privateRun(TestRunner.java:766)
at org.testng.TestRunner.run(TestRunner.java:587)
at org.testng.SuiteRunner.runTest(SuiteRunner.java:384)
at org.testng.SuiteRunner.runSequentially(SuiteRunner.java:378)
at org.testng.SuiteRunner.privateRun(SuiteRunner.java:337)
at org.testng.SuiteRunner.run(SuiteRunner.java:286)
at org.testng.SuiteRunnerWorker.runSuite(SuiteRunnerWorker.java:53)
at org.testng.SuiteRunnerWorker.run(SuiteRunnerWorker.java:96)
at org.testng.TestNG.runSuitesSequentially(TestNG.java:1187)
at org.testng.TestNG.runSuitesLocally(TestNG.java:1109)
at org.testng.TestNG.runSuites(TestNG.java:1039)
at org.testng.TestNG.run(TestNG.java:1007)
at com.intellij.rt.testng.IDEARemoteTestNG.run(IDEARemoteTestNG.java:66)
at com.intellij.rt.testng.RemoteTestNGStarter.main(RemoteTestNGStarter.java:110)
]]>
    </error>
  </testcase> <!-- checkContentLength -->
  <system-out/>
</testsuite> <!-- commonn.employeeapi.testcases.TC002_Get_Single_Employee_Record -->
