<?xml version="1.0" encoding="UTF-8"?>
<!-- Generated by org.testng.reporters.JUnitReportReporter -->
<testsuite skipped="0" hostname="C02TL2BFG8WL" name="commonn.employeeapi.testcases.TC001_Get_All_Employees" tests="6" failures="0" timestamp="2020-03-08T01:18:38 GMT" time="0.020" errors="0">
  <testcase name="checkResponseBody" time="0.017" classname="commonn.employeeapi.testcases.TC001_Get_All_Employees"/>
  <system-out/>
  <testcase name="checkContentType" time="0.000" classname="commonn.employeeapi.testcases.TC001_Get_All_Employees"/>
  <system-out/>
  <testcase name="checkServerType" time="0.000" classname="commonn.employeeapi.testcases.TC001_Get_All_Employees"/>
  <system-out/>
  <testcase name="checkContentLength" time="0.002" classname="commonn.employeeapi.testcases.TC001_Get_All_Employees"/>
  <system-out/>
  <testcase name="checkResponseTime" time="0.001" classname="commonn.employeeapi.testcases.TC001_Get_All_Employees"/>
  <system-out/>
  <testcase name="checkStatusCode" time="0.000" classname="commonn.employeeapi.testcases.TC001_Get_All_Employees"/>
  <system-out/>
</testsuite> <!-- commonn.employeeapi.testcases.TC001_Get_All_Employees -->
